[2020-02-12 10:01:41:2252419][http-nio-8080-exec-3] WARN  c.yndg.blog.aop.warn.BindingAdvice - com.yndg.blog.controller.UserController.join() => 필드 : email 경고 : 이메일 양식이 틀렸습니다.
[2020-02-12 10:24:11:3602550][http-nio-8080-exec-2] WARN  c.yndg.blog.aop.warn.BindingAdvice - com.yndg.blog.controller.PostController.write() => 필드 : title 경고 : 반드시 값이 존재하고 공백 문자를 제외한 길이가 0보다 커야 합니다.
[2020-02-12 10:24:11:3602551][http-nio-8080-exec-2] WARN  c.yndg.blog.aop.warn.BindingAdvice - com.yndg.blog.controller.PostController.write() => 필드 : content 경고 : 반드시 값이 존재하고 공백 문자를 제외한 길이가 0보다 커야 합니다.
[2020-02-12 10:26:16:3727328][http-nio-8080-exec-4] WARN  c.yndg.blog.aop.warn.BindingAdvice - com.yndg.blog.controller.PostController.write() => 필드 : title 경고 : 제목을 입력하세요
[2020-02-12 10:26:16:3727328][http-nio-8080-exec-4] WARN  c.yndg.blog.aop.warn.BindingAdvice - com.yndg.blog.controller.PostController.write() => 필드 : content 경고 : 내용을 입력하세요
[2020-02-12 10:28:09:3841181][http-nio-8080-exec-2] WARN  c.yndg.blog.aop.warn.BindingAdvice - com.yndg.blog.controller.PostController.write() => 필드 : title 경고 : 제목을 입력하세요
[2020-02-12 10:28:09:3841182][http-nio-8080-exec-2] WARN  c.yndg.blog.aop.warn.BindingAdvice - com.yndg.blog.controller.PostController.write() => 필드 : content 경고 : 내용을 입력하세요
[2020-02-12 10:28:29:3860804][http-nio-8080-exec-8] WARN  c.yndg.blog.aop.warn.BindingAdvice - com.yndg.blog.controller.PostController.write() => 필드 : content 경고 : 내용을 입력하세요
[2020-02-12 10:28:29:3860804][http-nio-8080-exec-8] WARN  c.yndg.blog.aop.warn.BindingAdvice - com.yndg.blog.controller.PostController.write() => 필드 : title 경고 : 제목을 입력하세요
[2020-02-12 10:29:03:3894789][http-nio-8080-exec-3] WARN  c.yndg.blog.aop.warn.BindingAdvice - com.yndg.blog.controller.PostController.write() => 필드 : content 경고 : 내용을 입력하세요
[2020-02-12 10:29:03:3894789][http-nio-8080-exec-3] WARN  c.yndg.blog.aop.warn.BindingAdvice - com.yndg.blog.controller.PostController.write() => 필드 : title 경고 : 제목을 입력하세요
[2020-02-12 10:29:14:3906269][http-nio-8080-exec-9] WARN  c.yndg.blog.aop.warn.BindingAdvice - com.yndg.blog.controller.PostController.write() => 필드 : title 경고 : 제목을 입력하세요
[2020-02-12 10:29:14:3906269][http-nio-8080-exec-9] WARN  c.yndg.blog.aop.warn.BindingAdvice - com.yndg.blog.controller.PostController.write() => 필드 : content 경고 : 내용을 입력하세요
[2020-02-12 10:31:09:4020684][http-nio-8080-exec-6] WARN  c.yndg.blog.aop.warn.BindingAdvice - com.yndg.blog.controller.PostController.write() => 필드 : title 경고 : 제목을 입력하세요
[2020-02-12 10:31:09:4020684][http-nio-8080-exec-6] WARN  c.yndg.blog.aop.warn.BindingAdvice - com.yndg.blog.controller.PostController.write() => 필드 : content 경고 : 내용을 입력하세요
[2020-02-12 10:31:36:4047924][http-nio-8080-exec-10] WARN  c.yndg.blog.aop.warn.BindingAdvice - com.yndg.blog.controller.PostController.write() => 필드 : title 경고 : 제목을 입력하세요
[2020-02-12 10:31:36:4047924][http-nio-8080-exec-10] WARN  c.yndg.blog.aop.warn.BindingAdvice - com.yndg.blog.controller.PostController.write() => 필드 : content 경고 : 내용을 입력하세요
[2020-02-12 10:31:48:4059541][http-nio-8080-exec-7] WARN  c.yndg.blog.aop.warn.BindingAdvice - com.yndg.blog.controller.PostController.write() => 필드 : content 경고 : 내용을 입력하세요
[2020-02-12 10:31:48:4059541][http-nio-8080-exec-7] WARN  c.yndg.blog.aop.warn.BindingAdvice - com.yndg.blog.controller.PostController.write() => 필드 : title 경고 : 제목을 입력하세요
[2020-02-12 10:33:50:4182276][http-nio-8080-exec-3] WARN  c.yndg.blog.aop.warn.BindingAdvice - com.yndg.blog.controller.PostController.write() => 필드 : title 경고 : 제목을 입력하세요
[2020-02-12 10:33:50:4182276][http-nio-8080-exec-3] WARN  c.yndg.blog.aop.warn.BindingAdvice - com.yndg.blog.controller.PostController.write() => 필드 : content 경고 : 내용을 입력하세요
[2020-02-12 10:34:01:4192444][http-nio-8080-exec-8] WARN  c.yndg.blog.aop.warn.BindingAdvice - com.yndg.blog.controller.PostController.write() => 필드 : title 경고 : 제목을 입력하세요
[2020-02-12 10:34:01:4192445][http-nio-8080-exec-8] WARN  c.yndg.blog.aop.warn.BindingAdvice - com.yndg.blog.controller.PostController.write() => 필드 : content 경고 : 내용을 입력하세요
[2020-02-12 10:35:07:4259148][http-nio-8080-exec-2] WARN  c.yndg.blog.aop.warn.BindingAdvice - com.yndg.blog.controller.PostController.write() => 필드 : content 경고 : 내용을 입력하세요
[2020-02-12 10:35:07:4259149][http-nio-8080-exec-2] WARN  c.yndg.blog.aop.warn.BindingAdvice - com.yndg.blog.controller.PostController.write() => 필드 : title 경고 : 제목을 입력하세요
[2020-02-12 10:35:15:4266772][http-nio-8080-exec-9] WARN  c.yndg.blog.aop.warn.BindingAdvice - com.yndg.blog.controller.PostController.write() => 필드 : title 경고 : 제목을 입력하세요
[2020-02-12 10:35:15:4266773][http-nio-8080-exec-9] WARN  c.yndg.blog.aop.warn.BindingAdvice - com.yndg.blog.controller.PostController.write() => 필드 : content 경고 : 내용을 입력하세요
[2020-02-12 10:38:12:4443316][http-nio-8080-exec-7] WARN  c.yndg.blog.aop.warn.BindingAdvice - com.yndg.blog.controller.PostController.write() => 필드 : title 경고 : 제목을 입력하세요
[2020-02-12 10:38:12:4443316][http-nio-8080-exec-7] WARN  c.yndg.blog.aop.warn.BindingAdvice - com.yndg.blog.controller.PostController.write() => 필드 : content 경고 : 내용을 입력하세요
[2020-02-12 10:38:43:4475109][http-nio-8080-exec-9] WARN  c.yndg.blog.aop.warn.BindingAdvice - com.yndg.blog.controller.PostController.write() => 필드 : title 경고 : 제목을 입력하세요
[2020-02-12 10:38:43:4475109][http-nio-8080-exec-9] WARN  c.yndg.blog.aop.warn.BindingAdvice - com.yndg.blog.controller.PostController.write() => 필드 : content 경고 : 내용을 입력하세요
[2020-02-12 10:38:46:4478134][http-nio-8080-exec-6] WARN  c.yndg.blog.aop.warn.BindingAdvice - com.yndg.blog.controller.PostController.write() => 필드 : content 경고 : 내용을 입력하세요
[2020-02-12 10:38:46:4478134][http-nio-8080-exec-6] WARN  c.yndg.blog.aop.warn.BindingAdvice - com.yndg.blog.controller.PostController.write() => 필드 : title 경고 : 제목을 입력하세요
[2020-02-12 10:39:08:4499812][http-nio-8080-exec-7] WARN  c.yndg.blog.aop.warn.BindingAdvice - com.yndg.blog.controller.PostController.write() => 필드 : content 경고 : 내용을 입력하세요
[2020-02-12 10:39:08:4499812][http-nio-8080-exec-7] WARN  c.yndg.blog.aop.warn.BindingAdvice - com.yndg.blog.controller.PostController.write() => 필드 : title 경고 : 제목을 입력하세요
[2020-02-12 10:40:12:4563803][http-nio-8080-exec-9] WARN  c.yndg.blog.aop.warn.BindingAdvice - com.yndg.blog.controller.PostController.write() => 필드 : title 경고 : 제목을 입력하세요
[2020-02-12 10:40:12:4563803][http-nio-8080-exec-9] WARN  c.yndg.blog.aop.warn.BindingAdvice - com.yndg.blog.controller.PostController.write() => 필드 : content 경고 : 내용을 입력하세요
[2020-02-12 10:40:49:4600484][http-nio-8080-exec-1] WARN  c.yndg.blog.aop.warn.BindingAdvice - com.yndg.blog.controller.UserController.join() => 필드 : email 경고 : 이메일을 입력하세요.
[2020-02-12 10:40:49:4600485][http-nio-8080-exec-1] WARN  c.yndg.blog.aop.warn.BindingAdvice - com.yndg.blog.controller.UserController.join() => 필드 : username 경고 : 유저네임을 입력하세요.
[2020-02-12 10:40:49:4600485][http-nio-8080-exec-1] WARN  c.yndg.blog.aop.warn.BindingAdvice - com.yndg.blog.controller.UserController.join() => 필드 : password 경고 : 패스워드를 입력하세요.
[2020-02-12 10:41:23:4635140][http-nio-8080-exec-8] WARN  c.yndg.blog.aop.warn.BindingAdvice - com.yndg.blog.controller.UserController.join() => 필드 : username 경고 : 유저네임을 입력하세요.
[2020-02-12 10:41:23:4635141][http-nio-8080-exec-8] WARN  c.yndg.blog.aop.warn.BindingAdvice - com.yndg.blog.controller.UserController.join() => 필드 : email 경고 : 이메일을 입력하세요.
[2020-02-12 10:41:23:4635142][http-nio-8080-exec-8] WARN  c.yndg.blog.aop.warn.BindingAdvice - com.yndg.blog.controller.UserController.join() => 필드 : password 경고 : 패스워드를 입력하세요.
[2020-02-12 10:42:48:4719605][http-nio-8080-exec-8] WARN  c.yndg.blog.aop.warn.BindingAdvice - com.yndg.blog.controller.UserController.join() => 필드 : password 경고 : 패스워드를 입력하세요.
[2020-02-12 10:42:48:4719606][http-nio-8080-exec-8] WARN  c.yndg.blog.aop.warn.BindingAdvice - com.yndg.blog.controller.UserController.join() => 필드 : username 경고 : 유저네임을 입력하세요.
[2020-02-12 10:42:48:4719606][http-nio-8080-exec-8] WARN  c.yndg.blog.aop.warn.BindingAdvice - com.yndg.blog.controller.UserController.join() => 필드 : email 경고 : 이메일을 입력하세요.
[2020-02-12 10:43:04:4735483][http-nio-8080-exec-6] WARN  c.yndg.blog.aop.warn.BindingAdvice - com.yndg.blog.controller.UserController.join() => 필드 : password 경고 : 패스워드를 입력하세요.
[2020-02-12 10:43:04:4735484][http-nio-8080-exec-6] WARN  c.yndg.blog.aop.warn.BindingAdvice - com.yndg.blog.controller.UserController.join() => 필드 : username 경고 : 유저네임을 입력하세요.
[2020-02-12 10:43:04:4735484][http-nio-8080-exec-6] WARN  c.yndg.blog.aop.warn.BindingAdvice - com.yndg.blog.controller.UserController.join() => 필드 : email 경고 : 이메일을 입력하세요.
[2020-02-12 10:45:31:4882652][http-nio-8080-exec-1] WARN  c.yndg.blog.aop.warn.BindingAdvice - com.yndg.blog.controller.UserController.join() => 필드 : password 경고 : 패스워드를 입력하세요.
[2020-02-12 10:45:31:4882652][http-nio-8080-exec-1] WARN  c.yndg.blog.aop.warn.BindingAdvice - com.yndg.blog.controller.UserController.join() => 필드 : username 경고 : 유저네임을 입력하세요.
[2020-02-12 10:45:31:4882652][http-nio-8080-exec-1] WARN  c.yndg.blog.aop.warn.BindingAdvice - com.yndg.blog.controller.UserController.join() => 필드 : email 경고 : 이메일을 입력하세요.
[2020-02-12 10:47:43:5014973][http-nio-8080-exec-10] WARN  c.yndg.blog.aop.warn.BindingAdvice - com.yndg.blog.controller.UserController.join() => 필드 : email 경고 : 이메일을 입력하세요.
[2020-02-12 10:47:43:5014973][http-nio-8080-exec-10] WARN  c.yndg.blog.aop.warn.BindingAdvice - com.yndg.blog.controller.UserController.join() => 필드 : password 경고 : 패스워드를 입력하세요.
[2020-02-12 10:47:43:5014973][http-nio-8080-exec-10] WARN  c.yndg.blog.aop.warn.BindingAdvice - com.yndg.blog.controller.UserController.join() => 필드 : username 경고 : 유저네임을 입력하세요.
[2020-02-12 10:48:38:5069421][http-nio-8080-exec-10] WARN  c.yndg.blog.aop.warn.BindingAdvice - com.yndg.blog.controller.UserController.join() => 필드 : username 경고 : 유저네임을 입력하세요.
[2020-02-12 10:48:38:5069421][http-nio-8080-exec-10] WARN  c.yndg.blog.aop.warn.BindingAdvice - com.yndg.blog.controller.UserController.join() => 필드 : email 경고 : 이메일을 입력하세요.
[2020-02-12 10:48:38:5069421][http-nio-8080-exec-10] WARN  c.yndg.blog.aop.warn.BindingAdvice - com.yndg.blog.controller.UserController.join() => 필드 : password 경고 : 패스워드를 입력하세요.
[2020-02-12 10:49:34:5126267][http-nio-8080-exec-6] WARN  c.yndg.blog.aop.warn.BindingAdvice - com.yndg.blog.controller.UserController.join() => 필드 : username 경고 : 유저네임을 입력하세요.
[2020-02-12 10:49:34:5126267][http-nio-8080-exec-6] WARN  c.yndg.blog.aop.warn.BindingAdvice - com.yndg.blog.controller.UserController.join() => 필드 : email 경고 : 이메일을 입력하세요.
[2020-02-12 10:49:34:5126267][http-nio-8080-exec-6] WARN  c.yndg.blog.aop.warn.BindingAdvice - com.yndg.blog.controller.UserController.join() => 필드 : password 경고 : 패스워드를 입력하세요.
[2020-02-12 10:50:23:5175227][http-nio-8080-exec-7] WARN  c.yndg.blog.aop.warn.BindingAdvice - com.yndg.blog.controller.UserController.join() => 필드 : username 경고 : 유저네임을 입력하세요.
[2020-02-12 10:50:23:5175227][http-nio-8080-exec-7] WARN  c.yndg.blog.aop.warn.BindingAdvice - com.yndg.blog.controller.UserController.join() => 필드 : password 경고 : 패스워드를 입력하세요.
[2020-02-12 10:50:23:5175227][http-nio-8080-exec-7] WARN  c.yndg.blog.aop.warn.BindingAdvice - com.yndg.blog.controller.UserController.join() => 필드 : email 경고 : 이메일을 입력하세요.
[2020-02-12 10:50:57:5208771][http-nio-8080-exec-8] WARN  c.yndg.blog.aop.warn.BindingAdvice - com.yndg.blog.controller.UserController.join() => 필드 : password 경고 : 패스워드를 입력하세요.
[2020-02-12 10:50:57:5208771][http-nio-8080-exec-8] WARN  c.yndg.blog.aop.warn.BindingAdvice - com.yndg.blog.controller.UserController.join() => 필드 : username 경고 : 유저네임을 입력하세요.
[2020-02-12 10:50:57:5208771][http-nio-8080-exec-8] WARN  c.yndg.blog.aop.warn.BindingAdvice - com.yndg.blog.controller.UserController.join() => 필드 : email 경고 : 이메일을 입력하세요.
